# JRE version: OpenJDK Runtime Environment Temurin-21.0.7+6 (21.0.7+6) (build 21.0.7+6-LTS)
# Java VM: OpenJDK 64-Bit Server VM Temurin-21.0.7+6 (21.0.7+6-LTS, mixed mode, sharing, tiered, compressed oops, compressed class ptrs, g1 gc, windows-amd64)
GC Precious Log:
 CardTable entry size: 512
 Card Set container configuration: InlinePtr #cards 5 size 8 Array Of Cards #cards 12 size 40 Howl #buckets 4 coarsen threshold 1843 Howl Bitmap #cards 512 size 80 coarsen threshold 460 Card regions per heap region 1 cards per card region 2048
 CPUs: 12 total, 12 available
 Memory: 7916M
 Large Page Support: Disabled
 NUMA Support: Disabled
 Compressed Oops: Enabled (32-bit)
 Heap Region Size: 1M
 Heap Min Capacity: 8M
 Heap Initial Capacity: 124M
 Heap Max Capacity: 2G
 Pre-touch: Disabled
 Parallel Workers: 10
 Concurrent Workers: 3
 Concurrent Refinement Workers: 10
 Periodic GC: Disabled
Heap:
 garbage-first heap   total 519168K, used 266362K [0x0000000080000000, 0x0000000100000000)
  region size 1024K, 87 young (89088K), 14 survivors (14336K)
 Metaspace       used 132065K, committed 134528K, reserved 1179648K
  class space    used 18954K, committed 20160K, reserved 1048576K
GC Heap History (20 events):
Event: 184.998 GC heap before
{Heap before GC invocations=58 (full 0):
 garbage-first heap   total 311296K, used 272789K [0x0000000080000000, 0x0000000100000000)
  region size 1024K, 103 young (105472K), 12 survivors (12288K)
 Metaspace       used 121800K, committed 124288K, reserved 1179648K
  class space    used 17748K, committed 19008K, reserved 1048576K
}
Event: 185.014 GC heap after
{Heap after GC invocations=59 (full 0):
 garbage-first heap   total 311296K, used 190701K [0x0000000080000000, 0x0000000100000000)
  region size 1024K, 11 young (11264K), 11 survivors (11264K)
 Metaspace       used 121800K, committed 124288K, reserved 1179648K
  class space    used 17748K, committed 19008K, reserved 1048576K
}
Event: 185.290 GC heap before
{Heap before GC invocations=59 (full 0):
 garbage-first heap   total 311296K, used 277741K [0x0000000080000000, 0x0000000100000000)
  region size 1024K, 97 young (99328K), 11 survivors (11264K)
 Metaspace       used 122220K, committed 124608K, reserved 1179648K
  class space    used 17804K, committed 19008K, reserved 1048576K
}
Event: 185.301 GC heap after
{Heap after GC invocations=60 (full 0):
 garbage-first heap   total 311296K, used 189902K [0x0000000080000000, 0x0000000100000000)
  region size 1024K, 4 young (4096K), 4 survivors (4096K)
 Metaspace       used 122220K, committed 124608K, reserved 1179648K
  class space    used 17804K, committed 19008K, reserved 1048576K
}
Event: 185.529 GC heap before
{Heap before GC invocations=60 (full 0):
 garbage-first heap   total 311296K, used 281038K [0x0000000080000000, 0x0000000100000000)
  region size 1024K, 94 young (96256K), 4 survivors (4096K)
 Metaspace       used 122987K, committed 125440K, reserved 1179648K
  class space    used 17873K, committed 19136K, reserved 1048576K
}
Event: 185.535 GC heap after
{Heap after GC invocations=61 (full 0):
 garbage-first heap   total 311296K, used 191813K [0x0000000080000000, 0x0000000100000000)
  region size 1024K, 6 young (6144K), 6 survivors (6144K)
 Metaspace       used 122987K, committed 125440K, reserved 1179648K
  class space    used 17873K, committed 19136K, reserved 1048576K
}
Event: 185.817 GC heap before
{Heap before GC invocations=62 (full 0):
 garbage-first heap   total 321536K, used 284997K [0x0000000080000000, 0x0000000100000000)
  region size 1024K, 98 young (100352K), 6 survivors (6144K)
 Metaspace       used 123315K, committed 125760K, reserved 1179648K
  class space    used 17912K, committed 19136K, reserved 1048576K
}
Event: 185.825 GC heap after
{Heap after GC invocations=63 (full 0):
 garbage-first heap   total 321536K, used 194829K [0x0000000080000000, 0x0000000100000000)
  region size 1024K, 9 young (9216K), 9 survivors (9216K)
 Metaspace       used 123315K, committed 125760K, reserved 1179648K
  class space    used 17912K, committed 19136K, reserved 1048576K
}
Event: 185.997 GC heap before
{Heap before GC invocations=63 (full 0):
 garbage-first heap   total 321536K, used 293133K [0x0000000080000000, 0x0000000100000000)
  region size 1024K, 106 young (108544K), 9 survivors (9216K)
 Metaspace       used 123947K, committed 126336K, reserved 1179648K
  class space    used 18020K, committed 19200K, reserved 1048576K
}
Event: 186.007 GC heap after
{Heap after GC invocations=64 (full 0):
 garbage-first heap   total 321536K, used 188898K [0x0000000080000000, 0x0000000100000000)
  region size 1024K, 6 young (6144K), 6 survivors (6144K)
 Metaspace       used 123947K, committed 126336K, reserved 1179648K
  class space    used 18020K, committed 19200K, reserved 1048576K
}
Event: 186.188 GC heap before
{Heap before GC invocations=64 (full 0):
 garbage-first heap   total 321536K, used 295394K [0x0000000080000000, 0x0000000100000000)
  region size 1024K, 111 young (113664K), 6 survivors (6144K)
 Metaspace       used 124434K, committed 126848K, reserved 1179648K
  class space    used 18054K, committed 19264K, reserved 1048576K
}
Event: 186.196 GC heap after
{Heap after GC invocations=65 (full 0):
 garbage-first heap   total 494592K, used 193650K [0x0000000080000000, 0x0000000100000000)
  region size 1024K, 11 young (11264K), 11 survivors (11264K)
 Metaspace       used 124434K, committed 126848K, reserved 1179648K
  class space    used 18054K, committed 19264K, reserved 1048576K
}
Event: 186.795 GC heap before
{Heap before GC invocations=66 (full 0):
 garbage-first heap   total 494592K, used 443506K [0x0000000080000000, 0x0000000100000000)
  region size 1024K, 251 young (257024K), 11 survivors (11264K)
 Metaspace       used 125291K, committed 127680K, reserved 1179648K
  class space    used 18155K, committed 19392K, reserved 1048576K
}
Event: 186.801 GC heap after
{Heap after GC invocations=67 (full 0):
 garbage-first heap   total 494592K, used 187340K [0x0000000080000000, 0x0000000100000000)
  region size 1024K, 5 young (5120K), 5 survivors (5120K)
 Metaspace       used 125291K, committed 127680K, reserved 1179648K
  class space    used 18155K, committed 19392K, reserved 1048576K
}
Event: 187.338 GC heap before
{Heap before GC invocations=67 (full 0):
 garbage-first heap   total 494592K, used 461772K [0x0000000080000000, 0x0000000100000000)
  region size 1024K, 274 young (280576K), 5 survivors (5120K)
 Metaspace       used 126111K, committed 128448K, reserved 1179648K
  class space    used 18265K, committed 19456K, reserved 1048576K
}
Event: 187.348 GC heap after
{Heap after GC invocations=68 (full 0):
 garbage-first heap   total 494592K, used 187383K [0x0000000080000000, 0x0000000100000000)
  region size 1024K, 8 young (8192K), 8 survivors (8192K)
 Metaspace       used 126111K, committed 128448K, reserved 1179648K
  class space    used 18265K, committed 19456K, reserved 1048576K
}
Event: 188.100 GC heap before
{Heap before GC invocations=68 (full 0):
 garbage-first heap   total 494592K, used 459767K [0x0000000080000000, 0x0000000100000000)
  region size 1024K, 275 young (281600K), 8 survivors (8192K)
 Metaspace       used 126635K, committed 128960K, reserved 1179648K
  class space    used 18277K, committed 19456K, reserved 1048576K
}
Event: 188.108 GC heap after
{Heap after GC invocations=69 (full 0):
 garbage-first heap   total 494592K, used 187004K [0x0000000080000000, 0x0000000100000000)
  region size 1024K, 8 young (8192K), 8 survivors (8192K)
 Metaspace       used 126635K, committed 128960K, reserved 1179648K
  class space    used 18277K, committed 19456K, reserved 1048576K
}
Event: 190.915 GC heap before
{Heap before GC invocations=70 (full 0):
 garbage-first heap   total 504832K, used 503420K [0x0000000080000000, 0x0000000100000000)
  region size 1024K, 210 young (215040K), 8 survivors (8192K)
 Metaspace       used 130687K, committed 133120K, reserved 1179648K
  class space    used 18778K, committed 19968K, reserved 1048576K
}
Event: 190.927 GC heap after
{Heap after GC invocations=71 (full 0):
 garbage-first heap   total 519168K, used 192634K [0x0000000080000000, 0x0000000100000000)
  region size 1024K, 14 young (14336K), 14 survivors (14336K)
 Metaspace       used 130687K, committed 133120K, reserved 1179648K
  class space    used 18778K, committed 19968K, reserved 1048576K
}

