# JRE version: OpenJDK Runtime Environment Temurin-21.0.7+6 (21.0.7+6) (build 21.0.7+6-LTS)
# Java VM: OpenJDK 64-Bit Server VM Temurin-21.0.7+6 (21.0.7+6-LTS, mixed mode, sharing, tiered, compressed oops, compressed class ptrs, g1 gc, windows-amd64)
GC Precious Log:
 CardTable entry size: 512
 Card Set container configuration: InlinePtr #cards 5 size 8 Array Of Cards #cards 12 size 40 Howl #buckets 4 coarsen threshold 1843 Howl Bitmap #cards 512 size 80 coarsen threshold 460 Card regions per heap region 1 cards per card region 2048
 CPUs: 12 total, 12 available
 Memory: 7916M
 Large Page Support: Disabled
 NUMA Support: Disabled
 Compressed Oops: Enabled (32-bit)
 Heap Region Size: 1M
 Heap Min Capacity: 8M
 Heap Initial Capacity: 124M
 Heap Max Capacity: 2G
 Pre-touch: Disabled
 Parallel Workers: 10
 Concurrent Workers: 3
 Concurrent Refinement Workers: 10
 Periodic GC: Disabled
Heap:
 garbage-first heap   total 152576K, used 94066K [0x0000000080000000, 0x0000000100000000)
  region size 1024K, 8 young (8192K), 3 survivors (3072K)
 Metaspace       used 74430K, committed 76544K, reserved 1114112K
  class space    used 10219K, committed 11264K, reserved 1048576K
GC Heap History (20 events):
Event: 12.627 GC heap before
{Heap before GC invocations=16 (full 0):
 garbage-first heap   total 103424K, used 90700K [0x0000000080000000, 0x0000000100000000)
  region size 1024K, 42 young (43008K), 5 survivors (5120K)
 Metaspace       used 58073K, committed 59904K, reserved 1114112K
  class space    used 8126K, committed 9024K, reserved 1048576K
}
Event: 12.630 GC heap after
{Heap after GC invocations=17 (full 0):
 garbage-first heap   total 103424K, used 54370K [0x0000000080000000, 0x0000000100000000)
  region size 1024K, 5 young (5120K), 5 survivors (5120K)
 Metaspace       used 58073K, committed 59904K, reserved 1114112K
  class space    used 8126K, committed 9024K, reserved 1048576K
}
Event: 12.818 GC heap before
{Heap before GC invocations=18 (full 0):
 garbage-first heap   total 103424K, used 89186K [0x0000000080000000, 0x0000000100000000)
  region size 1024K, 40 young (40960K), 5 survivors (5120K)
 Metaspace       used 58081K, committed 59904K, reserved 1114112K
  class space    used 8126K, committed 9024K, reserved 1048576K
}
Event: 12.822 GC heap after
{Heap after GC invocations=19 (full 0):
 garbage-first heap   total 124928K, used 55289K [0x0000000080000000, 0x0000000100000000)
  region size 1024K, 5 young (5120K), 5 survivors (5120K)
 Metaspace       used 58081K, committed 59904K, reserved 1114112K
  class space    used 8126K, committed 9024K, reserved 1048576K
}
Event: 13.083 GC heap before
{Heap before GC invocations=19 (full 0):
 garbage-first heap   total 124928K, used 107513K [0x0000000080000000, 0x0000000100000000)
  region size 1024K, 57 young (58368K), 5 survivors (5120K)
 Metaspace       used 58154K, committed 60032K, reserved 1114112K
  class space    used 8146K, committed 9088K, reserved 1048576K
}
Event: 13.088 GC heap after
{Heap after GC invocations=20 (full 0):
 garbage-first heap   total 124928K, used 56211K [0x0000000080000000, 0x0000000100000000)
  region size 1024K, 6 young (6144K), 6 survivors (6144K)
 Metaspace       used 58154K, committed 60032K, reserved 1114112K
  class space    used 8146K, committed 9088K, reserved 1048576K
}
Event: 13.147 GC heap before
{Heap before GC invocations=20 (full 0):
 garbage-first heap   total 124928K, used 59283K [0x0000000080000000, 0x0000000100000000)
  region size 1024K, 10 young (10240K), 6 survivors (6144K)
 Metaspace       used 58196K, committed 60096K, reserved 1114112K
  class space    used 8148K, committed 9088K, reserved 1048576K
}
Event: 13.151 GC heap after
{Heap after GC invocations=21 (full 0):
 garbage-first heap   total 124928K, used 56708K [0x0000000080000000, 0x0000000100000000)
  region size 1024K, 1 young (1024K), 1 survivors (1024K)
 Metaspace       used 58196K, committed 60096K, reserved 1114112K
  class space    used 8148K, committed 9088K, reserved 1048576K
}
Event: 13.947 GC heap before
{Heap before GC invocations=22 (full 0):
 garbage-first heap   total 124928K, used 123268K [0x0000000080000000, 0x0000000100000000)
  region size 1024K, 53 young (54272K), 1 survivors (1024K)
 Metaspace       used 61796K, committed 63680K, reserved 1114112K
  class space    used 8549K, committed 9472K, reserved 1048576K
}
Event: 13.952 GC heap after
{Heap after GC invocations=23 (full 0):
 garbage-first heap   total 134144K, used 78156K [0x0000000080000000, 0x0000000100000000)
  region size 1024K, 7 young (7168K), 7 survivors (7168K)
 Metaspace       used 61796K, committed 63680K, reserved 1114112K
  class space    used 8549K, committed 9472K, reserved 1048576K
}
Event: 14.643 GC heap before
{Heap before GC invocations=23 (full 0):
 garbage-first heap   total 134144K, used 117068K [0x0000000080000000, 0x0000000100000000)
  region size 1024K, 46 young (47104K), 7 survivors (7168K)
 Metaspace       used 65657K, committed 67712K, reserved 1114112K
  class space    used 9106K, committed 10112K, reserved 1048576K
}
Event: 14.648 GC heap after
{Heap after GC invocations=24 (full 0):
 garbage-first heap   total 134144K, used 79229K [0x0000000080000000, 0x0000000100000000)
  region size 1024K, 2 young (2048K), 2 survivors (2048K)
 Metaspace       used 65657K, committed 67712K, reserved 1114112K
  class space    used 9106K, committed 10112K, reserved 1048576K
}
Event: 14.796 GC heap before
{Heap before GC invocations=24 (full 0):
 garbage-first heap   total 134144K, used 83325K [0x0000000080000000, 0x0000000100000000)
  region size 1024K, 7 young (7168K), 2 survivors (2048K)
 Metaspace       used 66870K, committed 68928K, reserved 1114112K
  class space    used 9226K, committed 10240K, reserved 1048576K
}
Event: 14.799 GC heap after
{Heap after GC invocations=25 (full 0):
 garbage-first heap   total 134144K, used 80203K [0x0000000080000000, 0x0000000100000000)
  region size 1024K, 3 young (3072K), 3 survivors (3072K)
 Metaspace       used 66870K, committed 68928K, reserved 1114112K
  class space    used 9226K, committed 10240K, reserved 1048576K
}
Event: 15.451 GC heap before
{Heap before GC invocations=26 (full 0):
 garbage-first heap   total 142336K, used 127307K [0x0000000080000000, 0x0000000100000000)
  region size 1024K, 44 young (45056K), 3 survivors (3072K)
 Metaspace       used 69041K, committed 71104K, reserved 1114112K
  class space    used 9532K, committed 10560K, reserved 1048576K
}
Event: 15.455 GC heap after
{Heap after GC invocations=27 (full 0):
 garbage-first heap   total 142336K, used 84621K [0x0000000080000000, 0x0000000100000000)
  region size 1024K, 6 young (6144K), 6 survivors (6144K)
 Metaspace       used 69041K, committed 71104K, reserved 1114112K
  class space    used 9532K, committed 10560K, reserved 1048576K
}
Event: 16.280 GC heap before
{Heap before GC invocations=27 (full 0):
 garbage-first heap   total 142336K, used 126605K [0x0000000080000000, 0x0000000100000000)
  region size 1024K, 48 young (49152K), 6 survivors (6144K)
 Metaspace       used 72414K, committed 74496K, reserved 1114112K
  class space    used 9960K, committed 11008K, reserved 1048576K
}
Event: 16.286 GC heap after
{Heap after GC invocations=28 (full 0):
 garbage-first heap   total 142336K, used 86394K [0x0000000080000000, 0x0000000100000000)
  region size 1024K, 3 young (3072K), 3 survivors (3072K)
 Metaspace       used 72414K, committed 74496K, reserved 1114112K
  class space    used 9960K, committed 11008K, reserved 1048576K
}
Event: 16.559 GC heap before
{Heap before GC invocations=28 (full 0):
 garbage-first heap   total 142336K, used 94586K [0x0000000080000000, 0x0000000100000000)
  region size 1024K, 12 young (12288K), 3 survivors (3072K)
 Metaspace       used 74104K, committed 76224K, reserved 1114112K
  class space    used 10150K, committed 11200K, reserved 1048576K
}
Event: 16.562 GC heap after
{Heap after GC invocations=29 (full 0):
 garbage-first heap   total 142336K, used 86898K [0x0000000080000000, 0x0000000100000000)
  region size 1024K, 3 young (3072K), 3 survivors (3072K)
 Metaspace       used 74104K, committed 76224K, reserved 1114112K
  class space    used 10150K, committed 11200K, reserved 1048576K
}

