# JRE version: OpenJDK Runtime Environment Temurin-21.0.7+6 (21.0.7+6) (build 21.0.7+6-LTS)
# Java VM: OpenJDK 64-Bit Server VM Temurin-21.0.7+6 (21.0.7+6-LTS, mixed mode, sharing, tiered, compressed oops, compressed class ptrs, g1 gc, windows-amd64)
GC Precious Log:
 CardTable entry size: 512
 Card Set container configuration: InlinePtr #cards 5 size 8 Array Of Cards #cards 12 size 40 Howl #buckets 4 coarsen threshold 1843 Howl Bitmap #cards 512 size 80 coarsen threshold 460 Card regions per heap region 1 cards per card region 2048
 CPUs: 12 total, 12 available
 Memory: 7916M
 Large Page Support: Disabled
 NUMA Support: Disabled
 Compressed Oops: Enabled (32-bit)
 Heap Region Size: 1M
 Heap Min Capacity: 8M
 Heap Initial Capacity: 124M
 Heap Max Capacity: 2G
 Pre-touch: Disabled
 Parallel Workers: 10
 Concurrent Workers: 3
 Concurrent Refinement Workers: 10
 Periodic GC: Disabled
Heap:
 garbage-first heap   total 327680K, used 197728K [0x0000000080000000, 0x0000000100000000)
  region size 1024K, 18 young (18432K), 13 survivors (13312K)
 Metaspace       used 175970K, committed 179008K, reserved 1245184K
  class space    used 24196K, committed 25728K, reserved 1048576K
GC Heap History (20 events):
Event: 49.428 GC heap before
{Heap before GC invocations=59 (full 0):
 garbage-first heap   total 308224K, used 283742K [0x0000000080000000, 0x0000000100000000)
  region size 1024K, 136 young (139264K), 7 survivors (7168K)
 Metaspace       used 129876K, committed 132480K, reserved 1179648K
  class space    used 18450K, committed 19776K, reserved 1048576K
}
Event: 49.449 GC heap after
{Heap after GC invocations=60 (full 0):
 garbage-first heap   total 308224K, used 164168K [0x0000000080000000, 0x0000000100000000)
  region size 1024K, 17 young (17408K), 17 survivors (17408K)
 Metaspace       used 129876K, committed 132480K, reserved 1179648K
  class space    used 18450K, committed 19776K, reserved 1048576K
}
Event: 82.740 GC heap before
{Heap before GC invocations=60 (full 0):
 garbage-first heap   total 308224K, used 272712K [0x0000000080000000, 0x0000000100000000)
  region size 1024K, 124 young (126976K), 17 survivors (17408K)
 Metaspace       used 131371K, committed 133888K, reserved 1179648K
  class space    used 18622K, committed 19904K, reserved 1048576K
}
Event: 82.760 GC heap after
{Heap after GC invocations=61 (full 0):
 garbage-first heap   total 308224K, used 173205K [0x0000000080000000, 0x0000000100000000)
  region size 1024K, 10 young (10240K), 10 survivors (10240K)
 Metaspace       used 131371K, committed 133888K, reserved 1179648K
  class space    used 18622K, committed 19904K, reserved 1048576K
}
Event: 342.540 GC heap before
{Heap before GC invocations=62 (full 0):
 garbage-first heap   total 308224K, used 284821K [0x0000000080000000, 0x0000000100000000)
  region size 1024K, 115 young (117760K), 10 survivors (10240K)
 Metaspace       used 136533K, committed 139072K, reserved 1179648K
  class space    used 19630K, committed 20928K, reserved 1048576K
}
Event: 342.597 GC heap after
{Heap after GC invocations=63 (full 0):
 garbage-first heap   total 308224K, used 178683K [0x0000000080000000, 0x0000000100000000)
  region size 1024K, 8 young (8192K), 8 survivors (8192K)
 Metaspace       used 136533K, committed 139072K, reserved 1179648K
  class space    used 19630K, committed 20928K, reserved 1048576K
}
Event: 344.860 GC heap before
{Heap before GC invocations=63 (full 0):
 garbage-first heap   total 308224K, used 289275K [0x0000000080000000, 0x0000000100000000)
  region size 1024K, 109 young (111616K), 8 survivors (8192K)
 Metaspace       used 148306K, committed 150976K, reserved 1179648K
  class space    used 21040K, committed 22400K, reserved 1048576K
}
Event: 344.891 GC heap after
{Heap after GC invocations=64 (full 0):
 garbage-first heap   total 309248K, used 190783K [0x0000000080000000, 0x0000000100000000)
  region size 1024K, 14 young (14336K), 14 survivors (14336K)
 Metaspace       used 148306K, committed 150976K, reserved 1179648K
  class space    used 21040K, committed 22400K, reserved 1048576K
}
Event: 344.972 GC heap before
{Heap before GC invocations=64 (full 0):
 garbage-first heap   total 309248K, used 198975K [0x0000000080000000, 0x0000000100000000)
  region size 1024K, 23 young (23552K), 14 survivors (14336K)
 Metaspace       used 148414K, committed 151104K, reserved 1179648K
  class space    used 21044K, committed 22400K, reserved 1048576K
}
Event: 344.997 GC heap after
{Heap after GC invocations=65 (full 0):
 garbage-first heap   total 309248K, used 197887K [0x0000000080000000, 0x0000000100000000)
  region size 1024K, 7 young (7168K), 7 survivors (7168K)
 Metaspace       used 148414K, committed 151104K, reserved 1179648K
  class space    used 21044K, committed 22400K, reserved 1048576K
}
Event: 346.348 GC heap before
{Heap before GC invocations=66 (full 0):
 garbage-first heap   total 327680K, used 272639K [0x0000000080000000, 0x0000000100000000)
  region size 1024K, 82 young (83968K), 7 survivors (7168K)
 Metaspace       used 149230K, committed 151872K, reserved 1179648K
  class space    used 21176K, committed 22528K, reserved 1048576K
}
Event: 346.368 GC heap after
{Heap after GC invocations=67 (full 0):
 garbage-first heap   total 327680K, used 206848K [0x0000000080000000, 0x0000000100000000)
  region size 1024K, 11 young (11264K), 11 survivors (11264K)
 Metaspace       used 149230K, committed 151872K, reserved 1179648K
  class space    used 21176K, committed 22528K, reserved 1048576K
}
Event: 348.024 GC heap before
{Heap before GC invocations=67 (full 0):
 garbage-first heap   total 327680K, used 291840K [0x0000000080000000, 0x0000000100000000)
  region size 1024K, 87 young (89088K), 11 survivors (11264K)
 Metaspace       used 158032K, committed 160768K, reserved 1245184K
  class space    used 22001K, committed 23360K, reserved 1048576K
}
Event: 348.041 GC heap after
{Heap after GC invocations=68 (full 0):
 garbage-first heap   total 327680K, used 195782K [0x0000000080000000, 0x0000000100000000)
  region size 1024K, 8 young (8192K), 8 survivors (8192K)
 Metaspace       used 158032K, committed 160768K, reserved 1245184K
  class space    used 22001K, committed 23360K, reserved 1048576K
}
Event: 350.025 GC heap before
{Heap before GC invocations=68 (full 0):
 garbage-first heap   total 327680K, used 282822K [0x0000000080000000, 0x0000000100000000)
  region size 1024K, 93 young (95232K), 8 survivors (8192K)
 Metaspace       used 168949K, committed 171968K, reserved 1245184K
  class space    used 23430K, committed 24960K, reserved 1048576K
}
Event: 350.048 GC heap after
{Heap after GC invocations=69 (full 0):
 garbage-first heap   total 327680K, used 187861K [0x0000000080000000, 0x0000000100000000)
  region size 1024K, 6 young (6144K), 6 survivors (6144K)
 Metaspace       used 168949K, committed 171968K, reserved 1245184K
  class space    used 23430K, committed 24960K, reserved 1048576K
}
Event: 350.067 GC heap before
{Heap before GC invocations=69 (full 0):
 garbage-first heap   total 327680K, used 189909K [0x0000000080000000, 0x0000000100000000)
  region size 1024K, 9 young (9216K), 6 survivors (6144K)
 Metaspace       used 169011K, committed 172032K, reserved 1245184K
  class space    used 23432K, committed 24960K, reserved 1048576K
}
Event: 350.074 GC heap after
{Heap after GC invocations=70 (full 0):
 garbage-first heap   total 327680K, used 188308K [0x0000000080000000, 0x0000000100000000)
  region size 1024K, 6 young (6144K), 6 survivors (6144K)
 Metaspace       used 169011K, committed 172032K, reserved 1245184K
  class space    used 23432K, committed 24960K, reserved 1048576K
}
Event: 351.616 GC heap before
{Heap before GC invocations=71 (full 0):
 garbage-first heap   total 327680K, used 286612K [0x0000000080000000, 0x0000000100000000)
  region size 1024K, 102 young (104448K), 6 survivors (6144K)
 Metaspace       used 175260K, committed 178304K, reserved 1245184K
  class space    used 24125K, committed 25664K, reserved 1048576K
}
Event: 351.631 GC heap after
{Heap after GC invocations=72 (full 0):
 garbage-first heap   total 327680K, used 193632K [0x0000000080000000, 0x0000000100000000)
  region size 1024K, 13 young (13312K), 13 survivors (13312K)
 Metaspace       used 175260K, committed 178304K, reserved 1245184K
  class space    used 24125K, committed 25664K, reserved 1048576K
}

